E:\Anaconda3\python.exe "E:/University/10sem/Системы технич зрения/studying-computer-vision/Retinex/hsv_multiprocessing.py"
Начало преобразования в  1599591642.3799036
Разбивка на списки произведена
Processing frame No: 0000 in process No: 1
Processing frame No: 0001 in process No: 1
Processing frame No: 0000 in process No: 2
Processing frame No: 0002 in process No: 1
Processing frame No: 0001 in process No: 2
Processing frame No: 0003 in process No: 1
Processing frame No: 0000 in process No: 3
Processing frame No: 0002 in process No: 2
Processing frame No: 0004 in process No: 1
Processing frame No: 0001 in process No: 3
Processing frame No: 0003 in process No: 2
Processing frame No: 0000 in process No: 4
Processing frame No: 0005 in process No: 1
Processing frame No: 0002 in process No: 3
Processing frame No: 0004 in process No: 2
Processing frame No: 0001 in process No: 4
Processing frame No: 0006 in process No: 1
Processing frame No: 0003 in process No: 3
Processing frame No: 0005 in process No: 2
Processing frame No: 0007 in process No: 1
Processing frame No: 0002 in process No: 4
Processing frame No: 0004 in process No: 3
Processing frame No: 0006 in process No: 2
Processing frame No: 0005 in process No: 3
Processing frame No: 0008 in process No: 1
Processing frame No: 0003 in process No: 4
Processing frame No: 0004 in process No: 4
Processing frame No: 0007 in process No: 2
Processing frame No: 0009 in process No: 1
Processing frame No: 0006 in process No: 3
Processing frame No: 0005 in process No: 4
Processing frame No: 0007 in process No: 3
Processing frame No: 0008 in process No: 2
Processing frame No: 0010 in process No: 1
Processing frame No: 0006 in process No: 4
Processing frame No: 0009 in process No: 2
Processing frame No: 0008 in process No: 3
Processing frame No: 0011 in process No: 1
Processing frame No: 0007 in process No: 4
Processing frame No: 0010 in process No: 2
Processing frame No: 0009 in process No: 3
Processing frame No: 0012 in process No: 1
Processing frame No: 0008 in process No: 4
Processing frame No: 0011 in process No: 2
Processing frame No: 0010 in process No: 3
Processing frame No: 0013 in process No: 1
Processing frame No: 0009 in process No: 4
Processing frame No: 0012 in process No: 2
Processing frame No: 0011 in process No: 3
Processing frame No: 0014 in process No: 1
Processing frame No: 0010 in process No: 4
Processing frame No: 0013 in process No: 2
Processing frame No: 0012 in process No: 3
Processing frame No: 0015 in process No: 1
Processing frame No: 0011 in process No: 4
Processing frame No: 0014 in process No: 2
Processing frame No: 0013 in process No: 3
Processing frame No: 0016 in process No: 1
Processing frame No: 0012 in process No: 4
Processing frame No: 0015 in process No: 2
Processing frame No: 0014 in process No: 3
Processing frame No: 0017 in process No: 1
Processing frame No: 0013 in process No: 4
Processing frame No: 0016 in process No: 2
Processing frame No: 0015 in process No: 3
Processing frame No: 0014 in process No: 4
Processing frame No: 0018 in process No: 1
Processing frame No: 0017 in process No: 2
Processing frame No: 0019 in process No: 1
Processing frame No: 0016 in process No: 3
Processing frame No: 0015 in process No: 4
Processing frame No: 0018 in process No: 2
Processing frame No: 0016 in process No: 4
Processing frame No: 0020 in process No: 1
Processing frame No: 0017 in process No: 3
Processing frame No: 0021 in process No: 1
Processing frame No: 0017 in process No: 4Processing frame No: 0019 in process No: 2

Processing frame No: 0018 in process No: 3
Processing frame No: 0022 in process No: 1
Processing frame No: 0019 in process No: 3
Processing frame No: 0018 in process No: 4
Processing frame No: 0020 in process No: 2
Processing frame No: 0023 in process No: 1
Processing frame No: 0020 in process No: 3
Processing frame No: 0021 in process No: 2
Processing frame No: 0019 in process No: 4
Processing frame No: 0024 in process No: 1
Processing frame No: 0021 in process No: 3
Processing frame No: 0022 in process No: 2
Processing frame No: 0020 in process No: 4
Processing frame No: 0025 in process No: 1
Processing frame No: 0022 in process No: 3
Processing frame No: 0023 in process No: 2
Processing frame No: 0021 in process No: 4
Processing frame No: 0026 in process No: 1
Processing frame No: 0023 in process No: 3
Processing frame No: 0024 in process No: 2
Processing frame No: 0022 in process No: 4
Processing frame No: 0027 in process No: 1
Processing frame No: 0025 in process No: 2
Processing frame No: 0024 in process No: 3
Processing frame No: 0023 in process No: 4
Processing frame No: 0028 in process No: 1
Processing frame No: 0026 in process No: 2
Processing frame No: 0024 in process No: 4
Processing frame No: 0025 in process No: 3
Processing frame No: 0029 in process No: 1
Processing frame No: 0027 in process No: 2
Processing frame No: 0026 in process No: 3
Processing frame No: 0025 in process No: 4
Processing frame No: 0030 in process No: 1
Processing frame No: 0028 in process No: 2
Processing frame No: 0026 in process No: 4
Processing frame No: 0027 in process No: 3
Processing frame No: 0031 in process No: 1
Processing frame No: 0029 in process No: 2
Processing frame No: 0027 in process No: 4
Processing frame No: 0032 in process No: 1
Processing frame No: 0028 in process No: 3
Processing frame No: 0030 in process No: 2
Processing frame No: 0028 in process No: 4
Processing frame No: 0029 in process No: 3
Processing frame No: 0033 in process No: 1
Processing frame No: 0031 in process No: 2
Processing frame No: 0029 in process No: 4
Processing frame No: 0034 in process No: 1
Processing frame No: 0030 in process No: 3
Processing frame No: 0032 in process No: 2
Processing frame No: 0035 in process No: 1
Processing frame No: 0030 in process No: 4
Processing frame No: 0031 in process No: 3
Processing frame No: 0033 in process No: 2
Processing frame No: 0036 in process No: 1
Processing frame No: 0031 in process No: 4
Processing frame No: 0032 in process No: 3
Processing frame No: 0034 in process No: 2
Processing frame No: 0037 in process No: 1
Processing frame No: 0032 in process No: 4
Processing frame No: 0035 in process No: 2
Processing frame No: 0033 in process No: 3
Processing frame No: 0038 in process No: 1
Processing frame No: 0036 in process No: 2
Processing frame No: 0033 in process No: 4
Processing frame No: 0034 in process No: 3
Processing frame No: 0037 in process No: 2
Processing frame No: 0039 in process No: 1
Processing frame No: 0034 in process No: 4
Processing frame No: 0035 in process No: 3
Processing frame No: 0038 in process No: 2
Processing frame No: 0040 in process No: 1
Processing frame No: 0035 in process No: 4
Processing frame No: 0036 in process No: 3
Processing frame No: 0039 in process No: 2
Processing frame No: 0041 in process No: 1
Processing frame No: 0037 in process No: 3
Processing frame No: 0036 in process No: 4
Processing frame No: 0040 in process No: 2
Processing frame No: 0042 in process No: 1
Processing frame No: 0037 in process No: 4
Processing frame No: 0038 in process No: 3
Processing frame No: 0041 in process No: 2
Processing frame No: 0039 in process No: 3
Processing frame No: 0043 in process No: 1
Processing frame No: 0038 in process No: 4
Processing frame No: 0042 in process No: 2
Processing frame No: 0044 in process No: 1
Processing frame No: 0040 in process No: 3
Processing frame No: 0039 in process No: 4
Processing frame No: 0043 in process No: 2
Processing frame No: 0041 in process No: 3
Processing frame No: 0045 in process No: 1
Processing frame No: 0040 in process No: 4
Processing frame No: 0044 in process No: 2
Processing frame No: 0042 in process No: 3
Processing frame No: 0046 in process No: 1
Processing frame No: 0041 in process No: 4
Processing frame No: 0045 in process No: 2
Processing frame No: 0047 in process No: 1
Processing frame No: 0043 in process No: 3
Processing frame No: 0042 in process No: 4
Processing frame No: 0046 in process No: 2
Processing frame No: 0048 in process No: 1
Processing frame No: 0044 in process No: 3
Processing frame No: 0043 in process No: 4
Processing frame No: 0047 in process No: 2
Processing frame No: 0049 in process No: 1
Processing frame No: 0045 in process No: 3
Processing frame No: 0048 in process No: 2
Processing frame No: 0044 in process No: 4
Processing frame No: 0049 in process No: 2
Processing frame No: 0050 in process No: 1
Processing frame No: 0046 in process No: 3
Processing frame No: 0045 in process No: 4
Processing frame No: 0050 in process No: 2
Processing frame No: 0051 in process No: 1
Processing frame No: 0047 in process No: 3
Processing frame No: 0051 in process No: 2
Processing frame No: 0046 in process No: 4
Processing frame No: 0052 in process No: 1
Processing frame No: 0047 in process No: 4
Processing frame No: 0048 in process No: 3
Processing frame No: 0052 in process No: 2
Processing frame No: 0053 in process No: 1
Processing frame No: 0048 in process No: 4
Processing frame No: 0053 in process No: 2
Processing frame No: 0049 in process No: 3
Processing frame No: 0054 in process No: 1
Processing frame No: 0049 in process No: 4
Processing frame No: 0050 in process No: 3
Processing frame No: 0054 in process No: 2
Processing frame No: 0055 in process No: 1
Processing frame No: 0050 in process No: 4
Processing frame No: 0051 in process No: 3
Processing frame No: 0055 in process No: 2
Processing frame No: 0056 in process No: 1
Processing frame No: 0051 in process No: 4
Processing frame No: 0052 in process No: 3
Processing frame No: 0056 in process No: 2
Processing frame No: 0057 in process No: 1
Processing frame No: 0052 in process No: 4
Processing frame No: 0053 in process No: 3
Processing frame No: 0058 in process No: 1
Processing frame No: 0057 in process No: 2
Processing frame No: 0053 in process No: 4
Processing frame No: 0054 in process No: 3
Processing frame No: 0058 in process No: 2
Processing frame No: 0059 in process No: 1
Processing frame No: 0054 in process No: 4
Processing frame No: 0059 in process No: 2
Processing frame No: 0055 in process No: 3
Processing frame No: 0060 in process No: 1
Processing frame No: 0055 in process No: 4
Processing frame No: 0060 in process No: 2
Processing frame No: 0056 in process No: 3
Processing frame No: 0061 in process No: 1
Processing frame No: 0056 in process No: 4
Processing frame No: 0061 in process No: 2
Processing frame No: 0057 in process No: 3
Processing frame No: 0062 in process No: 1
Processing frame No: 0057 in process No: 4
Processing frame No: 0062 in process No: 2
Processing frame No: 0058 in process No: 3
Processing frame No: 0063 in process No: 1
Processing frame No: 0058 in process No: 4
Processing frame No: 0063 in process No: 2
Processing frame No: 0059 in process No: 3
Processing frame No: 0064 in process No: 1
Processing frame No: 0059 in process No: 4
Processing frame No: 0064 in process No: 2
Processing frame No: 0060 in process No: 3
Processing frame No: 0065 in process No: 1
Processing frame No: 0060 in process No: 4
Processing frame No: 0065 in process No: 2
Processing frame No: 0061 in process No: 3
Processing frame No: 0066 in process No: 1
Processing frame No: 0062 in process No: 3
Processing frame No: 0061 in process No: 4
Processing frame No: 0066 in process No: 2
Processing frame No: 0067 in process No: 1
Processing frame No: 0063 in process No: 3
Processing frame No: 0068 in process No: 1
Processing frame No: 0062 in process No: 4
Processing frame No: 0067 in process No: 2
Processing frame No: 0064 in process No: 3
Processing frame No: 0069 in process No: 1
Processing frame No: 0063 in process No: 4
Processing frame No: 0068 in process No: 2
Processing frame No: 0070 in process No: 1
Processing frame No: 0065 in process No: 3
Processing frame No: 0069 in process No: 2
Processing frame No: 0064 in process No: 4
Processing frame No: 0066 in process No: 3
Processing frame No: 0071 in process No: 1
Processing frame No: 0070 in process No: 2
Processing frame No: 0065 in process No: 4
Processing frame No: 0072 in process No: 1
Processing frame No: 0067 in process No: 3
Processing frame No: 0073 in process No: 1
Processing frame No: 0071 in process No: 2
Processing frame No: 0066 in process No: 4
Processing frame No: 0068 in process No: 3
Processing frame No: 0074 in process No: 1
Processing frame No: 0067 in process No: 4
Processing frame No: 0072 in process No: 2
Processing frame No: 0069 in process No: 3
Processing frame No: 0068 in process No: 4
Processing frame No: 0075 in process No: 1
Processing frame No: 0073 in process No: 2
Processing frame No: 0070 in process No: 3
Processing frame No: 0069 in process No: 4
Processing frame No: 0076 in process No: 1
Processing frame No: 0071 in process No: 3
Processing frame No: 0074 in process No: 2
Processing frame No: 0070 in process No: 4
Processing frame No: 0077 in process No: 1
Processing frame No: 0072 in process No: 3
Processing frame No: 0075 in process No: 2
Processing frame No: 0071 in process No: 4
Processing frame No: 0078 in process No: 1
Processing frame No: 0073 in process No: 3
Processing frame No: 0076 in process No: 2
Processing frame No: 0072 in process No: 4
Processing frame No: 0074 in process No: 3
Processing frame No: 0079 in process No: 1
Processing frame No: 0077 in process No: 2
Processing frame No: 0073 in process No: 4
Processing frame No: 0075 in process No: 3
Processing frame No: 0080 in process No: 1
Processing frame No: 0078 in process No: 2
Processing frame No: 0074 in process No: 4
Processing frame No: 0076 in process No: 3
Processing frame No: 0081 in process No: 1
Processing frame No: 0075 in process No: 4
Processing frame No: 0079 in process No: 2
Processing frame No: 0077 in process No: 3
Processing frame No: 0082 in process No: 1
Processing frame No: 0076 in process No: 4
Processing frame No: 0080 in process No: 2
Processing frame No: 0078 in process No: 3
Processing frame No: 0083 in process No: 1
Processing frame No: 0081 in process No: 2
Processing frame No: 0077 in process No: 4
Processing frame No: 0079 in process No: 3
Processing frame No: 0084 in process No: 1
Processing frame No: 0078 in process No: 4
Processing frame No: 0082 in process No: 2
Processing frame No: 0080 in process No: 3
Processing frame No: 0085 in process No: 1
Processing frame No: 0079 in process No: 4
Processing frame No: 0083 in process No: 2
Processing frame No: 0081 in process No: 3
Processing frame No: 0086 in process No: 1
Processing frame No: 0080 in process No: 4
Processing frame No: 0087 in process No: 1
Processing frame No: 0084 in process No: 2
Processing frame No: 0082 in process No: 3
Processing frame No: 0081 in process No: 4
Processing frame No: 0088 in process No: 1
Processing frame No: 0085 in process No: 2
Processing frame No: 0083 in process No: 3
Processing frame No: 0082 in process No: 4
Processing frame No: 0086 in process No: 2
Processing frame No: 0089 in process No: 1
Processing frame No: 0084 in process No: 3
Processing frame No: 0083 in process No: 4
Processing frame No: 0085 in process No: 3
Processing frame No: 0087 in process No: 2
Processing frame No: 0090 in process No: 1
Processing frame No: 0084 in process No: 4
Processing frame No: 0086 in process No: 3
Processing frame No: 0088 in process No: 2
Processing frame No: 0091 in process No: 1
Processing frame No: 0087 in process No: 3
Processing frame No: 0085 in process No: 4
Processing frame No: 0089 in process No: 2
Processing frame No: 0092 in process No: 1
Processing frame No: 0086 in process No: 4
Processing frame No: 0088 in process No: 3
Processing frame No: 0090 in process No: 2
Processing frame No: 0093 in process No: 1
Processing frame No: 0087 in process No: 4
Processing frame No: 0089 in process No: 3
Processing frame No: 0091 in process No: 2
Processing frame No: 0094 in process No: 1
Processing frame No: 0088 in process No: 4
Processing frame No: 0090 in process No: 3
Processing frame No: 0092 in process No: 2
Processing frame No: 0095 in process No: 1
Processing frame No: 0089 in process No: 4
Processing frame No: 0091 in process No: 3
Processing frame No: 0093 in process No: 2
Processing frame No: 0096 in process No: 1
Processing frame No: 0090 in process No: 4
Processing frame No: 0092 in process No: 3
Processing frame No: 0094 in process No: 2
Processing frame No: 0091 in process No: 4
Processing frame No: 0097 in process No: 1
Processing frame No: 0093 in process No: 3
Processing frame No: 0095 in process No: 2
Processing frame No: 0098 in process No: 1
Processing frame No: 0092 in process No: 4
Processing frame No: 0094 in process No: 3
Processing frame No: 0096 in process No: 2
Processing frame No: 0099 in process No: 1
Processing frame No: 0093 in process No: 4
Processing frame No: 0095 in process No: 3
Processing frame No: 0097 in process No: 2
Processing frame No: 0094 in process No: 4
Processing frame No: 0096 in process No: 3
Processing frame No: 0098 in process No: 2
Processing frame No: 0095 in process No: 4
Processing frame No: 0099 in process No: 2
Processing frame No: 0097 in process No: 3
Processing frame No: 0096 in process No: 4
Processing frame No: 0098 in process No: 3
Processing frame No: 0097 in process No: 4
Processing frame No: 0099 in process No: 3
Processing frame No: 0098 in process No: 4
Processing frame No: 0099 in process No: 4
Конвертация завершена в  1599591715.1109202
72.73101663589478
len(frame_list_final) 400

Process finished with exit code 0
